<?xml version="1.0" encoding="UTF-8"?>
<!-- Generated by org.testng.reporters.JUnitReportReporter -->
<testsuite hostname="LAPTOP-RNSC04SI" failures="0" tests="17" name="com.cognizant.INB.Tests" time="28.227" errors="0" timestamp="2023-07-25T14:19:06 IST" skipped="0">
  <testcase classname="com.cognizant.INB.Tests" name="elementCall_newBike" time="1.727"/>
  <system-out/>
  <testcase classname="com.cognizant.INB.Tests" name="elementCall_upcomingBikes" time="2.475"/>
  <system-out/>
  <testcase classname="com.cognizant.INB.Tests" name="elementCall_dropDown" time="0.692"/>
  <system-out/>
  <testcase classname="com.cognizant.INB.Tests" name="elementCall_hondaClick" time="1.419"/>
  <system-out/>
  <testcase classname="com.cognizant.INB.Tests" name="elementCall_hondaScroll" time="0.128"/>
  <system-out/>
  <testcase classname="com.cognizant.INB.Tests" name="elementCall_list" time="1.870"/>
  <system-out/>
  <testcase classname="com.cognizant.INB.Tests" name="useCar_home" time="4.737"/>
  <system-out/>
  <testcase classname="com.cognizant.INB.Tests" name="useCar_usedCar" time="0.198"/>
  <system-out/>
  <testcase classname="com.cognizant.INB.Tests" name="useCar_ChooseCity" time="3.345"/>
  <system-out/>
  <testcase classname="com.cognizant.INB.Tests" name="useCar_scroll" time="0.017"/>
  <system-out/>
  <testcase classname="com.cognizant.INB.Tests" name="useCar_list" time="0.689"/>
  <system-out/>
  <testcase classname="com.cognizant.INB.Tests" name="login_home" time="4.612"/>
  <system-out/>
  <testcase classname="com.cognizant.INB.Tests" name="loginClick" time="0.324"/>
  <system-out/>
  <testcase classname="com.cognizant.INB.Tests" name="googleClick" time="0.593"/>
  <system-out/>
  <testcase classname="com.cognizant.INB.Tests" name="windowHandle" time="0.034"/>
  <system-out/>
  <testcase classname="com.cognizant.INB.Tests" name="emailClick" time="1.851"/>
  <system-out/>
  <testcase classname="com.cognizant.INB.Tests" name="nextButton" time="3.516"/>
  <system-out/>
</testsuite> <!-- com.cognizant.INB.Tests -->
